I1015 15:18:22.301570 18242 caffe.cpp:218] Using GPUs 0
I1015 15:18:22.327188 18242 caffe.cpp:223] GPU 0: GeForce GTX 1080
I1015 15:18:22.556162 18242 solver.cpp:44] Initializing solver from parameters: 
test_iter: 100
test_interval: 500
base_lr: 0.01
display: 500
max_iter: 120000
lr_policy: "multistep"
gamma: 0.1
momentum: 0.9
weight_decay: 0.0005
snapshot: 120000
snapshot_prefix: "xn/PENLU/snapshot/mnin/mnin_prelu_1_nodecay"
solver_mode: GPU
device_id: 0
net: "/home/x306/caffe/xn/PENLU/neural/mnin/mnin_prelu_xavier.prototxt"
train_state {
  level: 0
  stage: ""
}
stepvalue: 60000
stepvalue: 90000
stepvalue: 110000
I1015 15:18:22.556301 18242 solver.cpp:87] Creating training net from net file: /home/x306/caffe/xn/PENLU/neural/mnin/mnin_prelu_xavier.prototxt
I1015 15:18:22.556994 18242 net.cpp:294] The NetState phase (0) differed from the phase (1) specified by a rule in layer cifar
I1015 15:18:22.557207 18242 net.cpp:51] Initializing net from parameters: 
name: "CIFAR10_full"
state {
  phase: TRAIN
  level: 0
  stage: ""
}
layer {
  name: "cifar"
  type: "Data"
  top: "data"
  top: "label"
  include {
    phase: TRAIN
  }
  transform_param {
    mirror: true
    crop_size: 28
    mean_file: "/home/x306/caffe/xn/PENLU/data/cifar100/mean.binaryproto"
  }
  data_param {
    source: "/home/x306/caffe/xn/PENLU/data/cifar100/cifar100_train_lmdb"
    batch_size: 100
    backend: LMDB
  }
  image_data_param {
    shuffle: true
  }
}
layer {
  name: "conv1"
  type: "Convolution"
  bottom: "data"
  top: "conv1"
  param {
    lr_mult: 1
    decay_mult: 1
  }
  param {
    lr_mult: 2
    decay_mult: 0
  }
  convolution_param {
    num_output: 192
    pad: 2
    kernel_size: 5
    weight_filler {
      type: "xavier"
    }
    bias_filler {
      type: "constant"
      value: 0
    }
  }
}
layer {
  name: "prelu_conv1"
  type: "PReLU"
  bottom: "conv1"
  top: "prelu_conv1"
  param {
    lr_mult: 1
    decay_mult: 1
  }
  prelu_param {
    filler {
      value: 1
    }
  }
}
layer {
  name: "cccp1"
  type: "Convolution"
  bottom: "prelu_conv1"
  top: "cccp1"
  param {
    lr_mult: 1
    decay_mult: 1
  }
  param {
    lr_mult: 2
    decay_mult: 0
  }
  convolution_param {
    num_output: 160
    kernel_size: 1
    weight_filler {
      type: "xavier"
    }
    bias_filler {
      type: "constant"
      value: 0
    }
  }
}
layer {
  name: "prelu_cccp1"
  type: "PReLU"
  bottom: "cccp1"
  top: "prelu_cccp1"
  param {
    lr_mult: 1
    decay_mult: 1
  }
  prelu_param {
    filler {
      value: 1
    }
  }
}
layer {
  name: "cccp2"
  type: "Convolution"
  bottom: "prelu_cccp1"
  top: "cccp2"
  param {
    lr_mult: 1
    decay_mult: 1
  }
  param {
    lr_mult: 2
    decay_mult: 0
  }
  convolution_param {
    num_output: 96
    kernel_size: 1
    weight_filler {
      type: "xavier"
    }
    bias_filler {
      type: "constant"
      value: 0
    }
  }
}
layer {
  name: "prelu_cccp2"
  type: "PReLU"
  bottom: "cccp2"
  top: "prelu_cccp2"
  param {
    lr_mult: 1
    decay_mult: 1
  }
  prelu_param {
    filler {
      value: 1
    }
  }
}
layer {
  name: "pool1"
  type: "Pooling"
  bottom: "prelu_cccp2"
  top: "pool1"
  pooling_param {
    pool: AVE
    kernel_size: 3
    stride: 2
  }
}
layer {
  name: "dropout1"
  type: "Dropout"
  bottom: "pool1"
  top: "dropout1"
  dropout_param {
    dropout_ratio: 0.5
  }
}
layer {
  name: "conv2"
  type: "Convolution"
  bottom: "dropout1"
  top: "conv2"
  param {
    lr_mult: 1
    decay_mult: 1
  }
  param {
    lr_mult: 2
    decay_mult: 0
  }
  convolution_param {
    num_output: 192
    pad: 2
    kernel_size: 5
    weight_filler {
      type: "xavier"
    }
    bias_filler {
      type: "constant"
      value: 0
    }
  }
}
layer {
  name: "prelu_conv2"
  type: "PReLU"
  bottom: "conv2"
  top: "prelu_conv2"
  param {
    lr_mult: 1
    decay_mult: 1
  }
  prelu_param {
    filler {
      value: 1
    }
  }
}
layer {
  name: "cccp3"
  type: "Convolution"
  bottom: "prelu_conv2"
  top: "cccp3"
  param {
    lr_mult: 1
    decay_mult: 1
  }
  param {
    lr_mult: 2
    decay_mult: 0
  }
  convolution_param {
    num_output: 192
    kernel_size: 1
    weight_filler {
      type: "xavier"
    }
    bias_filler {
      type: "constant"
      value: 0
    }
  }
}
layer {
  name: "prelu_cccp3"
  type: "PReLU"
  bottom: "cccp3"
  top: "prelu_cccp3"
  param {
    lr_mult: 1
    decay_mult: 1
  }
  prelu_param {
    filler {
      value: 1
    }
  }
}
layer {
  name: "cccp4"
  type: "Convolution"
  bottom: "prelu_cccp3"
  top: "cccp4"
  param {
    lr_mult: 1
    decay_mult: 1
  }
  param {
    lr_mult: 2
    decay_mult: 0
  }
  convolution_param {
    num_output: 192
    kernel_size: 1
    weight_filler {
      type: "xavier"
    }
    bias_filler {
      type: "constant"
      value: 0
    }
  }
}
layer {
  name: "prelu_cccp4"
  type: "PReLU"
  bottom: "cccp4"
  top: "prelu_cccp4"
  param {
    lr_mult: 1
    decay_mult: 1
  }
  prelu_param {
    filler {
      value: 1
    }
  }
}
layer {
  name: "pool2"
  type: "Pooling"
  bottom: "prelu_cccp4"
  top: "pool2"
  pooling_param {
    pool: AVE
    kernel_size: 3
    stride: 2
  }
}
layer {
  name: "dropout2"
  type: "Dropout"
  bottom: "pool2"
  top: "dropout2"
  dropout_param {
    dropout_ratio: 0.5
  }
}
layer {
  name: "conv3"
  type: "Convolution"
  bottom: "dropout2"
  top: "conv3"
  param {
    lr_mult: 1
    decay_mult: 1
  }
  param {
    lr_mult: 2
    decay_mult: 0
  }
  convolution_param {
    num_output: 192
    pad: 1
    kernel_size: 5
    weight_filler {
      type: "xavier"
    }
    bias_filler {
      type: "constant"
      value: 0
    }
  }
}
layer {
  name: "prelu_conv3"
  type: "PReLU"
  bottom: "conv3"
  top: "prelu_conv3"
  param {
    lr_mult: 1
    decay_mult: 1
  }
  prelu_param {
    filler {
      value: 1
    }
  }
}
layer {
  name: "cccp5"
  type: "Convolution"
  bottom: "prelu_conv3"
  top: "cccp5"
  param {
    lr_mult: 1
    decay_mult: 1
  }
  param {
    lr_mult: 2
    decay_mult: 0
  }
  convolution_param {
    num_output: 192
    kernel_size: 1
    weight_filler {
      type: "xavier"
    }
    bias_filler {
      type: "constant"
      value: 0
    }
  }
}
layer {
  name: "prelu_cccp5"
  type: "PReLU"
  bottom: "cccp5"
  top: "prelu_cccp5"
  param {
    lr_mult: 1
    decay_mult: 1
  }
  prelu_param {
    filler {
      value: 1
    }
  }
}
layer {
  name: "cccp6"
  type: "Convolution"
  bottom: "prelu_cccp5"
  top: "cccp6"
  param {
    lr_mult: 1
    decay_mult: 1
  }
  param {
    lr_mult: 2
    decay_mult: 0
  }
  convolution_param {
    num_output: 192
    kernel_size: 1
    weight_filler {
      type: "xavier"
    }
    bias_filler {
      type: "constant"
      value: 0
    }
  }
}
layer {
  name: "prelu_cccp6"
  type: "PReLU"
  bottom: "cccp6"
  top: "prelu_cccp6"
  param {
    lr_mult: 1
    decay_mult: 1
  }
  prelu_param {
    filler {
      value: 1
    }
  }
}
layer {
  name: "pool3"
  type: "Pooling"
  bottom: "prelu_cccp6"
  top: "pool3"
  pooling_param {
    pool: AVE
    kernel_size: 3
    stride: 2
  }
}
layer {
  name: "dropout3"
  type: "Dropout"
  bottom: "pool3"
  top: "dropout3"
  dropout_param {
    dropout_ratio: 0.5
  }
}
layer {
  name: "conv4"
  type: "Convolution"
  bottom: "dropout3"
  top: "conv4"
  param {
    lr_mult: 1
    decay_mult: 1
  }
  param {
    lr_mult: 2
    decay_mult: 0
  }
  convolution_param {
    num_output: 384
    pad: 1
    kernel_size: 3
    weight_filler {
      type: "xavier"
    }
    bias_filler {
      type: "constant"
      value: 0
    }
  }
}
layer {
  name: "prelu_conv4"
  type: "PReLU"
  bottom: "conv4"
  top: "prelu_conv4"
  param {
    lr_mult: 1
    decay_mult: 1
  }
  prelu_param {
    filler {
      value: 1
    }
  }
}
layer {
  name: "cccp7"
  type: "Convolution"
  bottom: "prelu_conv4"
  top: "cccp7"
  param {
    lr_mult: 1
    decay_mult: 1
  }
  param {
    lr_mult: 2
    decay_mult: 0
  }
  convolution_param {
    num_output: 384
    kernel_size: 1
    weight_filler {
      type: "xavier"
    }
    bias_filler {
      type: "constant"
      value: 0
    }
  }
}
layer {
  name: "prelu_cccp7"
  type: "PReLU"
  bottom: "cccp7"
  top: "prelu_cccp7"
  param {
    lr_mult: 1
    decay_mult: 1
  }
  prelu_param {
    filler {
      value: 1
    }
  }
}
layer {
  name: "cccp8"
  type: "Convolution"
  bottom: "prelu_cccp7"
  top: "cccp8"
  param {
    lr_mult: 1
    decay_mult: 1
  }
  param {
    lr_mult: 2
    decay_mult: 0
  }
  convolution_param {
    num_output: 384
    kernel_size: 1
    weight_filler {
      type: "xavier"
    }
    bias_filler {
      type: "constant"
      value: 0
    }
  }
}
layer {
  name: "prelu_cccp8"
  type: "PReLU"
  bottom: "cccp8"
  top: "prelu_cccp8"
  param {
    lr_mult: 1
    decay_mult: 1
  }
  prelu_param {
    filler {
      value: 1
    }
  }
}
layer {
  name: "pool4"
  type: "Pooling"
  bottom: "prelu_cccp8"
  top: "pool4"
  pooling_param {
    pool: AVE
    kernel_size: 3
    stride: 2
  }
}
layer {
  name: "dropout4"
  type: "Dropout"
  bottom: "pool4"
  top: "dropout4"
  dropout_param {
    dropout_ratio: 0.5
  }
}
layer {
  name: "fc1"
  type: "InnerProduct"
  bottom: "dropout4"
  top: "fc1"
  param {
    lr_mult: 1
    decay_mult: 1
  }
  param {
    lr_mult: 2
    decay_mult: 0
  }
  inner_product_param {
    num_output: 100
    weight_filler {
      type: "gaussian"
      std: 0.01
    }
    bias_filler {
      type: "constant"
      value: 0
    }
  }
}
layer {
  name: "accuracy"
  type: "Accuracy"
  bottom: "fc1"
  bottom: "label"
  top: "accuracy"
}
layer {
  name: "loss"
  type: "SoftmaxWithLoss"
  bottom: "fc1"
  bottom: "label"
  top: "loss"
}
I1015 15:18:22.557391 18242 layer_factory.hpp:77] Creating layer cifar
I1015 15:18:22.557487 18242 db_lmdb.cpp:35] Opened lmdb /home/x306/caffe/xn/PENLU/data/cifar100/cifar100_train_lmdb
I1015 15:18:22.557509 18242 net.cpp:84] Creating Layer cifar
I1015 15:18:22.557516 18242 net.cpp:380] cifar -> data
I1015 15:18:22.557539 18242 net.cpp:380] cifar -> label
I1015 15:18:22.557550 18242 data_transformer.cpp:25] Loading mean file from: /home/x306/caffe/xn/PENLU/data/cifar100/mean.binaryproto
I1015 15:18:22.558965 18242 data_layer.cpp:45] output data size: 100,3,28,28
I1015 15:18:22.561273 18242 net.cpp:122] Setting up cifar
I1015 15:18:22.561298 18242 net.cpp:129] Top shape: 100 3 28 28 (235200)
I1015 15:18:22.561305 18242 net.cpp:129] Top shape: 100 (100)
I1015 15:18:22.561311 18242 net.cpp:137] Memory required for data: 941200
I1015 15:18:22.561318 18242 layer_factory.hpp:77] Creating layer label_cifar_1_split
I1015 15:18:22.561331 18242 net.cpp:84] Creating Layer label_cifar_1_split
I1015 15:18:22.561337 18242 net.cpp:406] label_cifar_1_split <- label
I1015 15:18:22.561348 18242 net.cpp:380] label_cifar_1_split -> label_cifar_1_split_0
I1015 15:18:22.561359 18242 net.cpp:380] label_cifar_1_split -> label_cifar_1_split_1
I1015 15:18:22.561390 18242 net.cpp:122] Setting up label_cifar_1_split
I1015 15:18:22.561396 18242 net.cpp:129] Top shape: 100 (100)
I1015 15:18:22.561401 18242 net.cpp:129] Top shape: 100 (100)
I1015 15:18:22.561406 18242 net.cpp:137] Memory required for data: 942000
I1015 15:18:22.561410 18242 layer_factory.hpp:77] Creating layer conv1
I1015 15:18:22.561426 18242 net.cpp:84] Creating Layer conv1
I1015 15:18:22.561430 18242 net.cpp:406] conv1 <- data
I1015 15:18:22.561437 18242 net.cpp:380] conv1 -> conv1
I1015 15:18:22.707222 18242 net.cpp:122] Setting up conv1
I1015 15:18:22.707247 18242 net.cpp:129] Top shape: 100 192 28 28 (15052800)
I1015 15:18:22.707250 18242 net.cpp:137] Memory required for data: 61153200
I1015 15:18:22.707264 18242 layer_factory.hpp:77] Creating layer prelu_conv1
I1015 15:18:22.707278 18242 net.cpp:84] Creating Layer prelu_conv1
I1015 15:18:22.707295 18242 net.cpp:406] prelu_conv1 <- conv1
I1015 15:18:22.707304 18242 net.cpp:380] prelu_conv1 -> prelu_conv1
I1015 15:18:22.707931 18242 net.cpp:122] Setting up prelu_conv1
I1015 15:18:22.707940 18242 net.cpp:129] Top shape: 100 192 28 28 (15052800)
I1015 15:18:22.707942 18242 net.cpp:137] Memory required for data: 121364400
I1015 15:18:22.707948 18242 layer_factory.hpp:77] Creating layer cccp1
I1015 15:18:22.707960 18242 net.cpp:84] Creating Layer cccp1
I1015 15:18:22.707980 18242 net.cpp:406] cccp1 <- prelu_conv1
I1015 15:18:22.707988 18242 net.cpp:380] cccp1 -> cccp1
I1015 15:18:22.709463 18242 net.cpp:122] Setting up cccp1
I1015 15:18:22.709473 18242 net.cpp:129] Top shape: 100 160 28 28 (12544000)
I1015 15:18:22.709475 18242 net.cpp:137] Memory required for data: 171540400
I1015 15:18:22.709481 18242 layer_factory.hpp:77] Creating layer prelu_cccp1
I1015 15:18:22.709488 18242 net.cpp:84] Creating Layer prelu_cccp1
I1015 15:18:22.709493 18242 net.cpp:406] prelu_cccp1 <- cccp1
I1015 15:18:22.709511 18242 net.cpp:380] prelu_cccp1 -> prelu_cccp1
I1015 15:18:22.709642 18242 net.cpp:122] Setting up prelu_cccp1
I1015 15:18:22.709647 18242 net.cpp:129] Top shape: 100 160 28 28 (12544000)
I1015 15:18:22.709650 18242 net.cpp:137] Memory required for data: 221716400
I1015 15:18:22.709652 18242 layer_factory.hpp:77] Creating layer cccp2
I1015 15:18:22.709661 18242 net.cpp:84] Creating Layer cccp2
I1015 15:18:22.709663 18242 net.cpp:406] cccp2 <- prelu_cccp1
I1015 15:18:22.709666 18242 net.cpp:380] cccp2 -> cccp2
I1015 15:18:22.710577 18242 net.cpp:122] Setting up cccp2
I1015 15:18:22.710587 18242 net.cpp:129] Top shape: 100 96 28 28 (7526400)
I1015 15:18:22.710589 18242 net.cpp:137] Memory required for data: 251822000
I1015 15:18:22.710593 18242 layer_factory.hpp:77] Creating layer prelu_cccp2
I1015 15:18:22.710598 18242 net.cpp:84] Creating Layer prelu_cccp2
I1015 15:18:22.710602 18242 net.cpp:406] prelu_cccp2 <- cccp2
I1015 15:18:22.710608 18242 net.cpp:380] prelu_cccp2 -> prelu_cccp2
I1015 15:18:22.710724 18242 net.cpp:122] Setting up prelu_cccp2
I1015 15:18:22.710731 18242 net.cpp:129] Top shape: 100 96 28 28 (7526400)
I1015 15:18:22.710732 18242 net.cpp:137] Memory required for data: 281927600
I1015 15:18:22.710737 18242 layer_factory.hpp:77] Creating layer pool1
I1015 15:18:22.710744 18242 net.cpp:84] Creating Layer pool1
I1015 15:18:22.710747 18242 net.cpp:406] pool1 <- prelu_cccp2
I1015 15:18:22.710750 18242 net.cpp:380] pool1 -> pool1
I1015 15:18:22.710907 18242 net.cpp:122] Setting up pool1
I1015 15:18:22.710914 18242 net.cpp:129] Top shape: 100 96 14 14 (1881600)
I1015 15:18:22.710916 18242 net.cpp:137] Memory required for data: 289454000
I1015 15:18:22.710919 18242 layer_factory.hpp:77] Creating layer dropout1
I1015 15:18:22.710923 18242 net.cpp:84] Creating Layer dropout1
I1015 15:18:22.710927 18242 net.cpp:406] dropout1 <- pool1
I1015 15:18:22.710930 18242 net.cpp:380] dropout1 -> dropout1
I1015 15:18:22.710976 18242 net.cpp:122] Setting up dropout1
I1015 15:18:22.710980 18242 net.cpp:129] Top shape: 100 96 14 14 (1881600)
I1015 15:18:22.710983 18242 net.cpp:137] Memory required for data: 296980400
I1015 15:18:22.710995 18242 layer_factory.hpp:77] Creating layer conv2
I1015 15:18:22.711004 18242 net.cpp:84] Creating Layer conv2
I1015 15:18:22.711014 18242 net.cpp:406] conv2 <- dropout1
I1015 15:18:22.711019 18242 net.cpp:380] conv2 -> conv2
I1015 15:18:22.714808 18242 net.cpp:122] Setting up conv2
I1015 15:18:22.714818 18242 net.cpp:129] Top shape: 100 192 14 14 (3763200)
I1015 15:18:22.714821 18242 net.cpp:137] Memory required for data: 312033200
I1015 15:18:22.714826 18242 layer_factory.hpp:77] Creating layer prelu_conv2
I1015 15:18:22.714831 18242 net.cpp:84] Creating Layer prelu_conv2
I1015 15:18:22.714834 18242 net.cpp:406] prelu_conv2 <- conv2
I1015 15:18:22.714838 18242 net.cpp:380] prelu_conv2 -> prelu_conv2
I1015 15:18:22.714943 18242 net.cpp:122] Setting up prelu_conv2
I1015 15:18:22.714949 18242 net.cpp:129] Top shape: 100 192 14 14 (3763200)
I1015 15:18:22.714951 18242 net.cpp:137] Memory required for data: 327086000
I1015 15:18:22.714954 18242 layer_factory.hpp:77] Creating layer cccp3
I1015 15:18:22.714962 18242 net.cpp:84] Creating Layer cccp3
I1015 15:18:22.714965 18242 net.cpp:406] cccp3 <- prelu_conv2
I1015 15:18:22.714969 18242 net.cpp:380] cccp3 -> cccp3
I1015 15:18:22.715965 18242 net.cpp:122] Setting up cccp3
I1015 15:18:22.715975 18242 net.cpp:129] Top shape: 100 192 14 14 (3763200)
I1015 15:18:22.715977 18242 net.cpp:137] Memory required for data: 342138800
I1015 15:18:22.715982 18242 layer_factory.hpp:77] Creating layer prelu_cccp3
I1015 15:18:22.715988 18242 net.cpp:84] Creating Layer prelu_cccp3
I1015 15:18:22.715999 18242 net.cpp:406] prelu_cccp3 <- cccp3
I1015 15:18:22.716004 18242 net.cpp:380] prelu_cccp3 -> prelu_cccp3
I1015 15:18:22.716083 18242 net.cpp:122] Setting up prelu_cccp3
I1015 15:18:22.716089 18242 net.cpp:129] Top shape: 100 192 14 14 (3763200)
I1015 15:18:22.716090 18242 net.cpp:137] Memory required for data: 357191600
I1015 15:18:22.716094 18242 layer_factory.hpp:77] Creating layer cccp4
I1015 15:18:22.716100 18242 net.cpp:84] Creating Layer cccp4
I1015 15:18:22.716104 18242 net.cpp:406] cccp4 <- prelu_cccp3
I1015 15:18:22.716109 18242 net.cpp:380] cccp4 -> cccp4
I1015 15:18:22.717094 18242 net.cpp:122] Setting up cccp4
I1015 15:18:22.717104 18242 net.cpp:129] Top shape: 100 192 14 14 (3763200)
I1015 15:18:22.717108 18242 net.cpp:137] Memory required for data: 372244400
I1015 15:18:22.717115 18242 layer_factory.hpp:77] Creating layer prelu_cccp4
I1015 15:18:22.717121 18242 net.cpp:84] Creating Layer prelu_cccp4
I1015 15:18:22.717124 18242 net.cpp:406] prelu_cccp4 <- cccp4
I1015 15:18:22.717128 18242 net.cpp:380] prelu_cccp4 -> prelu_cccp4
I1015 15:18:22.717211 18242 net.cpp:122] Setting up prelu_cccp4
I1015 15:18:22.717216 18242 net.cpp:129] Top shape: 100 192 14 14 (3763200)
I1015 15:18:22.717218 18242 net.cpp:137] Memory required for data: 387297200
I1015 15:18:22.717221 18242 layer_factory.hpp:77] Creating layer pool2
I1015 15:18:22.717227 18242 net.cpp:84] Creating Layer pool2
I1015 15:18:22.717231 18242 net.cpp:406] pool2 <- prelu_cccp4
I1015 15:18:22.717234 18242 net.cpp:380] pool2 -> pool2
I1015 15:18:22.717355 18242 net.cpp:122] Setting up pool2
I1015 15:18:22.717360 18242 net.cpp:129] Top shape: 100 192 7 7 (940800)
I1015 15:18:22.717363 18242 net.cpp:137] Memory required for data: 391060400
I1015 15:18:22.717366 18242 layer_factory.hpp:77] Creating layer dropout2
I1015 15:18:22.717370 18242 net.cpp:84] Creating Layer dropout2
I1015 15:18:22.717375 18242 net.cpp:406] dropout2 <- pool2
I1015 15:18:22.717377 18242 net.cpp:380] dropout2 -> dropout2
I1015 15:18:22.717401 18242 net.cpp:122] Setting up dropout2
I1015 15:18:22.717406 18242 net.cpp:129] Top shape: 100 192 7 7 (940800)
I1015 15:18:22.717407 18242 net.cpp:137] Memory required for data: 394823600
I1015 15:18:22.717409 18242 layer_factory.hpp:77] Creating layer conv3
I1015 15:18:22.717416 18242 net.cpp:84] Creating Layer conv3
I1015 15:18:22.717418 18242 net.cpp:406] conv3 <- dropout2
I1015 15:18:22.717422 18242 net.cpp:380] conv3 -> conv3
I1015 15:18:22.723939 18242 net.cpp:122] Setting up conv3
I1015 15:18:22.723959 18242 net.cpp:129] Top shape: 100 192 5 5 (480000)
I1015 15:18:22.723963 18242 net.cpp:137] Memory required for data: 396743600
I1015 15:18:22.723969 18242 layer_factory.hpp:77] Creating layer prelu_conv3
I1015 15:18:22.723978 18242 net.cpp:84] Creating Layer prelu_conv3
I1015 15:18:22.723992 18242 net.cpp:406] prelu_conv3 <- conv3
I1015 15:18:22.723997 18242 net.cpp:380] prelu_conv3 -> prelu_conv3
I1015 15:18:22.724072 18242 net.cpp:122] Setting up prelu_conv3
I1015 15:18:22.724077 18242 net.cpp:129] Top shape: 100 192 5 5 (480000)
I1015 15:18:22.724079 18242 net.cpp:137] Memory required for data: 398663600
I1015 15:18:22.724083 18242 layer_factory.hpp:77] Creating layer cccp5
I1015 15:18:22.724090 18242 net.cpp:84] Creating Layer cccp5
I1015 15:18:22.724093 18242 net.cpp:406] cccp5 <- prelu_conv3
I1015 15:18:22.724097 18242 net.cpp:380] cccp5 -> cccp5
I1015 15:18:22.725116 18242 net.cpp:122] Setting up cccp5
I1015 15:18:22.725126 18242 net.cpp:129] Top shape: 100 192 5 5 (480000)
I1015 15:18:22.725131 18242 net.cpp:137] Memory required for data: 400583600
I1015 15:18:22.725144 18242 layer_factory.hpp:77] Creating layer prelu_cccp5
I1015 15:18:22.725150 18242 net.cpp:84] Creating Layer prelu_cccp5
I1015 15:18:22.725154 18242 net.cpp:406] prelu_cccp5 <- cccp5
I1015 15:18:22.725158 18242 net.cpp:380] prelu_cccp5 -> prelu_cccp5
I1015 15:18:22.725235 18242 net.cpp:122] Setting up prelu_cccp5
I1015 15:18:22.725240 18242 net.cpp:129] Top shape: 100 192 5 5 (480000)
I1015 15:18:22.725266 18242 net.cpp:137] Memory required for data: 402503600
I1015 15:18:22.725272 18242 layer_factory.hpp:77] Creating layer cccp6
I1015 15:18:22.725281 18242 net.cpp:84] Creating Layer cccp6
I1015 15:18:22.725286 18242 net.cpp:406] cccp6 <- prelu_cccp5
I1015 15:18:22.725291 18242 net.cpp:380] cccp6 -> cccp6
I1015 15:18:22.726347 18242 net.cpp:122] Setting up cccp6
I1015 15:18:22.726357 18242 net.cpp:129] Top shape: 100 192 5 5 (480000)
I1015 15:18:22.726359 18242 net.cpp:137] Memory required for data: 404423600
I1015 15:18:22.726374 18242 layer_factory.hpp:77] Creating layer prelu_cccp6
I1015 15:18:22.726380 18242 net.cpp:84] Creating Layer prelu_cccp6
I1015 15:18:22.726382 18242 net.cpp:406] prelu_cccp6 <- cccp6
I1015 15:18:22.726388 18242 net.cpp:380] prelu_cccp6 -> prelu_cccp6
I1015 15:18:22.726464 18242 net.cpp:122] Setting up prelu_cccp6
I1015 15:18:22.726469 18242 net.cpp:129] Top shape: 100 192 5 5 (480000)
I1015 15:18:22.726471 18242 net.cpp:137] Memory required for data: 406343600
I1015 15:18:22.726485 18242 layer_factory.hpp:77] Creating layer pool3
I1015 15:18:22.726490 18242 net.cpp:84] Creating Layer pool3
I1015 15:18:22.726492 18242 net.cpp:406] pool3 <- prelu_cccp6
I1015 15:18:22.726497 18242 net.cpp:380] pool3 -> pool3
I1015 15:18:22.726620 18242 net.cpp:122] Setting up pool3
I1015 15:18:22.726627 18242 net.cpp:129] Top shape: 100 192 2 2 (76800)
I1015 15:18:22.726630 18242 net.cpp:137] Memory required for data: 406650800
I1015 15:18:22.726632 18242 layer_factory.hpp:77] Creating layer dropout3
I1015 15:18:22.726639 18242 net.cpp:84] Creating Layer dropout3
I1015 15:18:22.726641 18242 net.cpp:406] dropout3 <- pool3
I1015 15:18:22.726644 18242 net.cpp:380] dropout3 -> dropout3
I1015 15:18:22.726670 18242 net.cpp:122] Setting up dropout3
I1015 15:18:22.726673 18242 net.cpp:129] Top shape: 100 192 2 2 (76800)
I1015 15:18:22.726676 18242 net.cpp:137] Memory required for data: 406958000
I1015 15:18:22.726678 18242 layer_factory.hpp:77] Creating layer conv4
I1015 15:18:22.726685 18242 net.cpp:84] Creating Layer conv4
I1015 15:18:22.726687 18242 net.cpp:406] conv4 <- dropout3
I1015 15:18:22.726692 18242 net.cpp:380] conv4 -> conv4
I1015 15:18:22.731685 18242 net.cpp:122] Setting up conv4
I1015 15:18:22.731696 18242 net.cpp:129] Top shape: 100 384 2 2 (153600)
I1015 15:18:22.731698 18242 net.cpp:137] Memory required for data: 407572400
I1015 15:18:22.731703 18242 layer_factory.hpp:77] Creating layer prelu_conv4
I1015 15:18:22.731710 18242 net.cpp:84] Creating Layer prelu_conv4
I1015 15:18:22.731714 18242 net.cpp:406] prelu_conv4 <- conv4
I1015 15:18:22.731719 18242 net.cpp:380] prelu_conv4 -> prelu_conv4
I1015 15:18:22.731789 18242 net.cpp:122] Setting up prelu_conv4
I1015 15:18:22.731796 18242 net.cpp:129] Top shape: 100 384 2 2 (153600)
I1015 15:18:22.731797 18242 net.cpp:137] Memory required for data: 408186800
I1015 15:18:22.731801 18242 layer_factory.hpp:77] Creating layer cccp7
I1015 15:18:22.731807 18242 net.cpp:84] Creating Layer cccp7
I1015 15:18:22.731811 18242 net.cpp:406] cccp7 <- prelu_conv4
I1015 15:18:22.731815 18242 net.cpp:380] cccp7 -> cccp7
I1015 15:18:22.733371 18242 net.cpp:122] Setting up cccp7
I1015 15:18:22.733381 18242 net.cpp:129] Top shape: 100 384 2 2 (153600)
I1015 15:18:22.733384 18242 net.cpp:137] Memory required for data: 408801200
I1015 15:18:22.733389 18242 layer_factory.hpp:77] Creating layer prelu_cccp7
I1015 15:18:22.733394 18242 net.cpp:84] Creating Layer prelu_cccp7
I1015 15:18:22.733398 18242 net.cpp:406] prelu_cccp7 <- cccp7
I1015 15:18:22.733402 18242 net.cpp:380] prelu_cccp7 -> prelu_cccp7
I1015 15:18:22.733459 18242 net.cpp:122] Setting up prelu_cccp7
I1015 15:18:22.733464 18242 net.cpp:129] Top shape: 100 384 2 2 (153600)
I1015 15:18:22.733467 18242 net.cpp:137] Memory required for data: 409415600
I1015 15:18:22.733474 18242 layer_factory.hpp:77] Creating layer cccp8
I1015 15:18:22.733481 18242 net.cpp:84] Creating Layer cccp8
I1015 15:18:22.733485 18242 net.cpp:406] cccp8 <- prelu_cccp7
I1015 15:18:22.733489 18242 net.cpp:380] cccp8 -> cccp8
I1015 15:18:22.735793 18242 net.cpp:122] Setting up cccp8
I1015 15:18:22.735806 18242 net.cpp:129] Top shape: 100 384 2 2 (153600)
I1015 15:18:22.735810 18242 net.cpp:137] Memory required for data: 410030000
I1015 15:18:22.735815 18242 layer_factory.hpp:77] Creating layer prelu_cccp8
I1015 15:18:22.735831 18242 net.cpp:84] Creating Layer prelu_cccp8
I1015 15:18:22.735834 18242 net.cpp:406] prelu_cccp8 <- cccp8
I1015 15:18:22.735839 18242 net.cpp:380] prelu_cccp8 -> prelu_cccp8
I1015 15:18:22.735916 18242 net.cpp:122] Setting up prelu_cccp8
I1015 15:18:22.735922 18242 net.cpp:129] Top shape: 100 384 2 2 (153600)
I1015 15:18:22.735926 18242 net.cpp:137] Memory required for data: 410644400
I1015 15:18:22.735941 18242 layer_factory.hpp:77] Creating layer pool4
I1015 15:18:22.735951 18242 net.cpp:84] Creating Layer pool4
I1015 15:18:22.735954 18242 net.cpp:406] pool4 <- prelu_cccp8
I1015 15:18:22.735960 18242 net.cpp:380] pool4 -> pool4
I1015 15:18:22.736102 18242 net.cpp:122] Setting up pool4
I1015 15:18:22.736110 18242 net.cpp:129] Top shape: 100 384 1 1 (38400)
I1015 15:18:22.736114 18242 net.cpp:137] Memory required for data: 410798000
I1015 15:18:22.736127 18242 layer_factory.hpp:77] Creating layer dropout4
I1015 15:18:22.736135 18242 net.cpp:84] Creating Layer dropout4
I1015 15:18:22.736138 18242 net.cpp:406] dropout4 <- pool4
I1015 15:18:22.736145 18242 net.cpp:380] dropout4 -> dropout4
I1015 15:18:22.736174 18242 net.cpp:122] Setting up dropout4
I1015 15:18:22.736188 18242 net.cpp:129] Top shape: 100 384 1 1 (38400)
I1015 15:18:22.736192 18242 net.cpp:137] Memory required for data: 410951600
I1015 15:18:22.736205 18242 layer_factory.hpp:77] Creating layer fc1
I1015 15:18:22.736217 18242 net.cpp:84] Creating Layer fc1
I1015 15:18:22.736220 18242 net.cpp:406] fc1 <- dropout4
I1015 15:18:22.736227 18242 net.cpp:380] fc1 -> fc1
I1015 15:18:22.737424 18242 net.cpp:122] Setting up fc1
I1015 15:18:22.737437 18242 net.cpp:129] Top shape: 100 100 (10000)
I1015 15:18:22.737453 18242 net.cpp:137] Memory required for data: 410991600
I1015 15:18:22.737473 18242 layer_factory.hpp:77] Creating layer fc1_fc1_0_split
I1015 15:18:22.737491 18242 net.cpp:84] Creating Layer fc1_fc1_0_split
I1015 15:18:22.737506 18242 net.cpp:406] fc1_fc1_0_split <- fc1
I1015 15:18:22.737514 18242 net.cpp:380] fc1_fc1_0_split -> fc1_fc1_0_split_0
I1015 15:18:22.737522 18242 net.cpp:380] fc1_fc1_0_split -> fc1_fc1_0_split_1
I1015 15:18:22.737570 18242 net.cpp:122] Setting up fc1_fc1_0_split
I1015 15:18:22.737577 18242 net.cpp:129] Top shape: 100 100 (10000)
I1015 15:18:22.737593 18242 net.cpp:129] Top shape: 100 100 (10000)
I1015 15:18:22.737597 18242 net.cpp:137] Memory required for data: 411071600
I1015 15:18:22.737601 18242 layer_factory.hpp:77] Creating layer accuracy
I1015 15:18:22.737609 18242 net.cpp:84] Creating Layer accuracy
I1015 15:18:22.737613 18242 net.cpp:406] accuracy <- fc1_fc1_0_split_0
I1015 15:18:22.737619 18242 net.cpp:406] accuracy <- label_cifar_1_split_0
I1015 15:18:22.737625 18242 net.cpp:380] accuracy -> accuracy
I1015 15:18:22.737635 18242 net.cpp:122] Setting up accuracy
I1015 15:18:22.737642 18242 net.cpp:129] Top shape: (1)
I1015 15:18:22.737646 18242 net.cpp:137] Memory required for data: 411071604
I1015 15:18:22.737655 18242 layer_factory.hpp:77] Creating layer loss
I1015 15:18:22.737663 18242 net.cpp:84] Creating Layer loss
I1015 15:18:22.737677 18242 net.cpp:406] loss <- fc1_fc1_0_split_1
I1015 15:18:22.737684 18242 net.cpp:406] loss <- label_cifar_1_split_1
I1015 15:18:22.737691 18242 net.cpp:380] loss -> loss
I1015 15:18:22.737699 18242 layer_factory.hpp:77] Creating layer loss
I1015 15:18:22.737910 18242 net.cpp:122] Setting up loss
I1015 15:18:22.737922 18242 net.cpp:129] Top shape: (1)
I1015 15:18:22.737926 18242 net.cpp:132]     with loss weight 1
I1015 15:18:22.737948 18242 net.cpp:137] Memory required for data: 411071608
I1015 15:18:22.737951 18242 net.cpp:198] loss needs backward computation.
I1015 15:18:22.737953 18242 net.cpp:200] accuracy does not need backward computation.
I1015 15:18:22.737957 18242 net.cpp:198] fc1_fc1_0_split needs backward computation.
I1015 15:18:22.737978 18242 net.cpp:198] fc1 needs backward computation.
I1015 15:18:22.737982 18242 net.cpp:198] dropout4 needs backward computation.
I1015 15:18:22.737983 18242 net.cpp:198] pool4 needs backward computation.
I1015 15:18:22.737995 18242 net.cpp:198] prelu_cccp8 needs backward computation.
I1015 15:18:22.737998 18242 net.cpp:198] cccp8 needs backward computation.
I1015 15:18:22.738001 18242 net.cpp:198] prelu_cccp7 needs backward computation.
I1015 15:18:22.738014 18242 net.cpp:198] cccp7 needs backward computation.
I1015 15:18:22.738018 18242 net.cpp:198] prelu_conv4 needs backward computation.
I1015 15:18:22.738019 18242 net.cpp:198] conv4 needs backward computation.
I1015 15:18:22.738023 18242 net.cpp:198] dropout3 needs backward computation.
I1015 15:18:22.738025 18242 net.cpp:198] pool3 needs backward computation.
I1015 15:18:22.738028 18242 net.cpp:198] prelu_cccp6 needs backward computation.
I1015 15:18:22.738030 18242 net.cpp:198] cccp6 needs backward computation.
I1015 15:18:22.738034 18242 net.cpp:198] prelu_cccp5 needs backward computation.
I1015 15:18:22.738035 18242 net.cpp:198] cccp5 needs backward computation.
I1015 15:18:22.738039 18242 net.cpp:198] prelu_conv3 needs backward computation.
I1015 15:18:22.738041 18242 net.cpp:198] conv3 needs backward computation.
I1015 15:18:22.738044 18242 net.cpp:198] dropout2 needs backward computation.
I1015 15:18:22.738047 18242 net.cpp:198] pool2 needs backward computation.
I1015 15:18:22.738049 18242 net.cpp:198] prelu_cccp4 needs backward computation.
I1015 15:18:22.738052 18242 net.cpp:198] cccp4 needs backward computation.
I1015 15:18:22.738055 18242 net.cpp:198] prelu_cccp3 needs backward computation.
I1015 15:18:22.738057 18242 net.cpp:198] cccp3 needs backward computation.
I1015 15:18:22.738061 18242 net.cpp:198] prelu_conv2 needs backward computation.
I1015 15:18:22.738064 18242 net.cpp:198] conv2 needs backward computation.
I1015 15:18:22.738066 18242 net.cpp:198] dropout1 needs backward computation.
I1015 15:18:22.738070 18242 net.cpp:198] pool1 needs backward computation.
I1015 15:18:22.738071 18242 net.cpp:198] prelu_cccp2 needs backward computation.
I1015 15:18:22.738073 18242 net.cpp:198] cccp2 needs backward computation.
I1015 15:18:22.738076 18242 net.cpp:198] prelu_cccp1 needs backward computation.
I1015 15:18:22.738080 18242 net.cpp:198] cccp1 needs backward computation.
I1015 15:18:22.738082 18242 net.cpp:198] prelu_conv1 needs backward computation.
I1015 15:18:22.738085 18242 net.cpp:198] conv1 needs backward computation.
I1015 15:18:22.738088 18242 net.cpp:200] label_cifar_1_split does not need backward computation.
I1015 15:18:22.738091 18242 net.cpp:200] cifar does not need backward computation.
I1015 15:18:22.738093 18242 net.cpp:242] This network produces output accuracy
I1015 15:18:22.738096 18242 net.cpp:242] This network produces output loss
I1015 15:18:22.738117 18242 net.cpp:255] Network initialization done.
I1015 15:18:22.738768 18242 solver.cpp:172] Creating test net (#0) specified by net file: /home/x306/caffe/xn/PENLU/neural/mnin/mnin_prelu_xavier.prototxt
I1015 15:18:22.738806 18242 net.cpp:294] The NetState phase (1) differed from the phase (0) specified by a rule in layer cifar
I1015 15:18:22.738982 18242 net.cpp:51] Initializing net from parameters: 
name: "CIFAR10_full"
state {
  phase: TEST
}
layer {
  name: "cifar"
  type: "Data"
  top: "data"
  top: "label"
  include {
    phase: TEST
  }
  transform_param {
    mirror: false
    crop_size: 28
    mean_file: "/home/x306/caffe/xn/PENLU/data/cifar100/mean.binaryproto"
  }
  data_param {
    source: "/home/x306/caffe/xn/PENLU/data/cifar100/cifar100_test_lmdb"
    batch_size: 100
    backend: LMDB
  }
}
layer {
  name: "conv1"
  type: "Convolution"
  bottom: "data"
  top: "conv1"
  param {
    lr_mult: 1
    decay_mult: 1
  }
  param {
    lr_mult: 2
    decay_mult: 0
  }
  convolution_param {
    num_output: 192
    pad: 2
    kernel_size: 5
    weight_filler {
      type: "xavier"
    }
    bias_filler {
      type: "constant"
      value: 0
    }
  }
}
layer {
  name: "prelu_conv1"
  type: "PReLU"
  bottom: "conv1"
  top: "prelu_conv1"
  param {
    lr_mult: 1
    decay_mult: 1
  }
  prelu_param {
    filler {
      value: 1
    }
  }
}
layer {
  name: "cccp1"
  type: "Convolution"
  bottom: "prelu_conv1"
  top: "cccp1"
  param {
    lr_mult: 1
    decay_mult: 1
  }
  param {
    lr_mult: 2
    decay_mult: 0
  }
  convolution_param {
    num_output: 160
    kernel_size: 1
    weight_filler {
      type: "xavier"
    }
    bias_filler {
      type: "constant"
      value: 0
    }
  }
}
layer {
  name: "prelu_cccp1"
  type: "PReLU"
  bottom: "cccp1"
  top: "prelu_cccp1"
  param {
    lr_mult: 1
    decay_mult: 1
  }
  prelu_param {
    filler {
      value: 1
    }
  }
}
layer {
  name: "cccp2"
  type: "Convolution"
  bottom: "prelu_cccp1"
  top: "cccp2"
  param {
    lr_mult: 1
    decay_mult: 1
  }
  param {
    lr_mult: 2
    decay_mult: 0
  }
  convolution_param {
    num_output: 96
    kernel_size: 1
    weight_filler {
      type: "xavier"
    }
    bias_filler {
      type: "constant"
      value: 0
    }
  }
}
layer {
  name: "prelu_cccp2"
  type: "PReLU"
  bottom: "cccp2"
  top: "prelu_cccp2"
  param {
    lr_mult: 1
    decay_mult: 1
  }
  prelu_param {
    filler {
      value: 1
    }
  }
}
layer {
  name: "pool1"
  type: "Pooling"
  bottom: "prelu_cccp2"
  top: "pool1"
  pooling_param {
    pool: AVE
    kernel_size: 3
    stride: 2
  }
}
layer {
  name: "dropout1"
  type: "Dropout"
  bottom: "pool1"
  top: "dropout1"
  dropout_param {
    dropout_ratio: 0.5
  }
}
layer {
  name: "conv2"
  type: "Convolution"
  bottom: "dropout1"
  top: "conv2"
  param {
    lr_mult: 1
    decay_mult: 1
  }
  param {
    lr_mult: 2
    decay_mult: 0
  }
  convolution_param {
    num_output: 192
    pad: 2
    kernel_size: 5
    weight_filler {
      type: "xavier"
    }
    bias_filler {
      type: "constant"
      value: 0
    }
  }
}
layer {
  name: "prelu_conv2"
  type: "PReLU"
  bottom: "conv2"
  top: "prelu_conv2"
  param {
    lr_mult: 1
    decay_mult: 1
  }
  prelu_param {
    filler {
      value: 1
    }
  }
}
layer {
  name: "cccp3"
  type: "Convolution"
  bottom: "prelu_conv2"
  top: "cccp3"
  param {
    lr_mult: 1
    decay_mult: 1
  }
  param {
    lr_mult: 2
    decay_mult: 0
  }
  convolution_param {
    num_output: 192
    kernel_size: 1
    weight_filler {
      type: "xavier"
    }
    bias_filler {
      type: "constant"
      value: 0
    }
  }
}
layer {
  name: "prelu_cccp3"
  type: "PReLU"
  bottom: "cccp3"
  top: "prelu_cccp3"
  param {
    lr_mult: 1
    decay_mult: 1
  }
  prelu_param {
    filler {
      value: 1
    }
  }
}
layer {
  name: "cccp4"
  type: "Convolution"
  bottom: "prelu_cccp3"
  top: "cccp4"
  param {
    lr_mult: 1
    decay_mult: 1
  }
  param {
    lr_mult: 2
    decay_mult: 0
  }
  convolution_param {
    num_output: 192
    kernel_size: 1
    weight_filler {
      type: "xavier"
    }
    bias_filler {
      type: "constant"
      value: 0
    }
  }
}
layer {
  name: "prelu_cccp4"
  type: "PReLU"
  bottom: "cccp4"
  top: "prelu_cccp4"
  param {
    lr_mult: 1
    decay_mult: 1
  }
  prelu_param {
    filler {
      value: 1
    }
  }
}
layer {
  name: "pool2"
  type: "Pooling"
  bottom: "prelu_cccp4"
  top: "pool2"
  pooling_param {
    pool: AVE
    kernel_size: 3
    stride: 2
  }
}
layer {
  name: "dropout2"
  type: "Dropout"
  bottom: "pool2"
  top: "dropout2"
  dropout_param {
    dropout_ratio: 0.5
  }
}
layer {
  name: "conv3"
  type: "Convolution"
  bottom: "dropout2"
  top: "conv3"
  param {
    lr_mult: 1
    decay_mult: 1
  }
  param {
    lr_mult: 2
    decay_mult: 0
  }
  convolution_param {
    num_output: 192
    pad: 1
    kernel_size: 5
    weight_filler {
      type: "xavier"
    }
    bias_filler {
      type: "constant"
      value: 0
    }
  }
}
layer {
  name: "prelu_conv3"
  type: "PReLU"
  bottom: "conv3"
  top: "prelu_conv3"
  param {
    lr_mult: 1
    decay_mult: 1
  }
  prelu_param {
    filler {
      value: 1
    }
  }
}
layer {
  name: "cccp5"
  type: "Convolution"
  bottom: "prelu_conv3"
  top: "cccp5"
  param {
    lr_mult: 1
    decay_mult: 1
  }
  param {
    lr_mult: 2
    decay_mult: 0
  }
  convolution_param {
    num_output: 192
    kernel_size: 1
    weight_filler {
      type: "xavier"
    }
    bias_filler {
      type: "constant"
      value: 0
    }
  }
}
layer {
  name: "prelu_cccp5"
  type: "PReLU"
  bottom: "cccp5"
  top: "prelu_cccp5"
  param {
    lr_mult: 1
    decay_mult: 1
  }
  prelu_param {
    filler {
      value: 1
    }
  }
}
layer {
  name: "cccp6"
  type: "Convolution"
  bottom: "prelu_cccp5"
  top: "cccp6"
  param {
    lr_mult: 1
    decay_mult: 1
  }
  param {
    lr_mult: 2
    decay_mult: 0
  }
  convolution_param {
    num_output: 192
    kernel_size: 1
    weight_filler {
      type: "xavier"
    }
    bias_filler {
      type: "constant"
      value: 0
    }
  }
}
layer {
  name: "prelu_cccp6"
  type: "PReLU"
  bottom: "cccp6"
  top: "prelu_cccp6"
  param {
    lr_mult: 1
    decay_mult: 1
  }
  prelu_param {
    filler {
      value: 1
    }
  }
}
layer {
  name: "pool3"
  type: "Pooling"
  bottom: "prelu_cccp6"
  top: "pool3"
  pooling_param {
    pool: AVE
    kernel_size: 3
    stride: 2
  }
}
layer {
  name: "dropout3"
  type: "Dropout"
  bottom: "pool3"
  top: "dropout3"
  dropout_param {
    dropout_ratio: 0.5
  }
}
layer {
  name: "conv4"
  type: "Convolution"
  bottom: "dropout3"
  top: "conv4"
  param {
    lr_mult: 1
    decay_mult: 1
  }
  param {
    lr_mult: 2
    decay_mult: 0
  }
  convolution_param {
    num_output: 384
    pad: 1
    kernel_size: 3
    weight_filler {
      type: "xavier"
    }
    bias_filler {
      type: "constant"
      value: 0
    }
  }
}
layer {
  name: "prelu_conv4"
  type: "PReLU"
  bottom: "conv4"
  top: "prelu_conv4"
  param {
    lr_mult: 1
    decay_mult: 1
  }
  prelu_param {
    filler {
      value: 1
    }
  }
}
layer {
  name: "cccp7"
  type: "Convolution"
  bottom: "prelu_conv4"
  top: "cccp7"
  param {
    lr_mult: 1
    decay_mult: 1
  }
  param {
    lr_mult: 2
    decay_mult: 0
  }
  convolution_param {
    num_output: 384
    kernel_size: 1
    weight_filler {
      type: "xavier"
    }
    bias_filler {
      type: "constant"
      value: 0
    }
  }
}
layer {
  name: "prelu_cccp7"
  type: "PReLU"
  bottom: "cccp7"
  top: "prelu_cccp7"
  param {
    lr_mult: 1
    decay_mult: 1
  }
  prelu_param {
    filler {
      value: 1
    }
  }
}
layer {
  name: "cccp8"
  type: "Convolution"
  bottom: "prelu_cccp7"
  top: "cccp8"
  param {
    lr_mult: 1
    decay_mult: 1
  }
  param {
    lr_mult: 2
    decay_mult: 0
  }
  convolution_param {
    num_output: 384
    kernel_size: 1
    weight_filler {
      type: "xavier"
    }
    bias_filler {
      type: "constant"
      value: 0
    }
  }
}
layer {
  name: "prelu_cccp8"
  type: "PReLU"
  bottom: "cccp8"
  top: "prelu_cccp8"
  param {
    lr_mult: 1
    decay_mult: 1
  }
  prelu_param {
    filler {
      value: 1
    }
  }
}
layer {
  name: "pool4"
  type: "Pooling"
  bottom: "prelu_cccp8"
  top: "pool4"
  pooling_param {
    pool: AVE
    kernel_size: 3
    stride: 2
  }
}
layer {
  name: "dropout4"
  type: "Dropout"
  bottom: "pool4"
  top: "dropout4"
  dropout_param {
    dropout_ratio: 0.5
  }
}
layer {
  name: "fc1"
  type: "InnerProduct"
  bottom: "dropout4"
  top: "fc1"
  param {
    lr_mult: 1
    decay_mult: 1
  }
  param {
    lr_mult: 2
    decay_mult: 0
  }
  inner_product_param {
    num_output: 100
    weight_filler {
      type: "gaussian"
      std: 0.01
    }
    bias_filler {
      type: "constant"
      value: 0
    }
  }
}
layer {
  name: "accuracy"
  type: "Accuracy"
  bottom: "fc1"
  bottom: "label"
  top: "accuracy"
}
layer {
  name: "loss"
  type: "SoftmaxWithLoss"
  bottom: "fc1"
  bottom: "label"
  top: "loss"
}
I1015 15:18:22.739091 18242 layer_factory.hpp:77] Creating layer cifar
I1015 15:18:22.739132 18242 db_lmdb.cpp:35] Opened lmdb /home/x306/caffe/xn/PENLU/data/cifar100/cifar100_test_lmdb
I1015 15:18:22.739142 18242 net.cpp:84] Creating Layer cifar
I1015 15:18:22.739146 18242 net.cpp:380] cifar -> data
I1015 15:18:22.739157 18242 net.cpp:380] cifar -> label
I1015 15:18:22.739163 18242 data_transformer.cpp:25] Loading mean file from: /home/x306/caffe/xn/PENLU/data/cifar100/mean.binaryproto
I1015 15:18:22.739271 18242 data_layer.cpp:45] output data size: 100,3,28,28
I1015 15:18:22.741736 18242 net.cpp:122] Setting up cifar
I1015 15:18:22.741749 18242 net.cpp:129] Top shape: 100 3 28 28 (235200)
I1015 15:18:22.741755 18242 net.cpp:129] Top shape: 100 (100)
I1015 15:18:22.741757 18242 net.cpp:137] Memory required for data: 941200
I1015 15:18:22.741760 18242 layer_factory.hpp:77] Creating layer label_cifar_1_split
I1015 15:18:22.741766 18242 net.cpp:84] Creating Layer label_cifar_1_split
I1015 15:18:22.741770 18242 net.cpp:406] label_cifar_1_split <- label
I1015 15:18:22.741775 18242 net.cpp:380] label_cifar_1_split -> label_cifar_1_split_0
I1015 15:18:22.741780 18242 net.cpp:380] label_cifar_1_split -> label_cifar_1_split_1
I1015 15:18:22.741840 18242 net.cpp:122] Setting up label_cifar_1_split
I1015 15:18:22.741847 18242 net.cpp:129] Top shape: 100 (100)
I1015 15:18:22.741850 18242 net.cpp:129] Top shape: 100 (100)
I1015 15:18:22.741853 18242 net.cpp:137] Memory required for data: 942000
I1015 15:18:22.741855 18242 layer_factory.hpp:77] Creating layer conv1
I1015 15:18:22.741863 18242 net.cpp:84] Creating Layer conv1
I1015 15:18:22.741866 18242 net.cpp:406] conv1 <- data
I1015 15:18:22.741871 18242 net.cpp:380] conv1 -> conv1
I1015 15:18:22.742997 18242 net.cpp:122] Setting up conv1
I1015 15:18:22.743008 18242 net.cpp:129] Top shape: 100 192 28 28 (15052800)
I1015 15:18:22.743012 18242 net.cpp:137] Memory required for data: 61153200
I1015 15:18:22.743023 18242 layer_factory.hpp:77] Creating layer prelu_conv1
I1015 15:18:22.743031 18242 net.cpp:84] Creating Layer prelu_conv1
I1015 15:18:22.743036 18242 net.cpp:406] prelu_conv1 <- conv1
I1015 15:18:22.743044 18242 net.cpp:380] prelu_conv1 -> prelu_conv1
I1015 15:18:22.743185 18242 net.cpp:122] Setting up prelu_conv1
I1015 15:18:22.743191 18242 net.cpp:129] Top shape: 100 192 28 28 (15052800)
I1015 15:18:22.743197 18242 net.cpp:137] Memory required for data: 121364400
I1015 15:18:22.743201 18242 layer_factory.hpp:77] Creating layer cccp1
I1015 15:18:22.743213 18242 net.cpp:84] Creating Layer cccp1
I1015 15:18:22.743217 18242 net.cpp:406] cccp1 <- prelu_conv1
I1015 15:18:22.743221 18242 net.cpp:380] cccp1 -> cccp1
I1015 15:18:22.744380 18242 net.cpp:122] Setting up cccp1
I1015 15:18:22.744390 18242 net.cpp:129] Top shape: 100 160 28 28 (12544000)
I1015 15:18:22.744395 18242 net.cpp:137] Memory required for data: 171540400
I1015 15:18:22.744401 18242 layer_factory.hpp:77] Creating layer prelu_cccp1
I1015 15:18:22.744407 18242 net.cpp:84] Creating Layer prelu_cccp1
I1015 15:18:22.744411 18242 net.cpp:406] prelu_cccp1 <- cccp1
I1015 15:18:22.744416 18242 net.cpp:380] prelu_cccp1 -> prelu_cccp1
I1015 15:18:22.744546 18242 net.cpp:122] Setting up prelu_cccp1
I1015 15:18:22.744552 18242 net.cpp:129] Top shape: 100 160 28 28 (12544000)
I1015 15:18:22.744554 18242 net.cpp:137] Memory required for data: 221716400
I1015 15:18:22.744560 18242 layer_factory.hpp:77] Creating layer cccp2
I1015 15:18:22.744570 18242 net.cpp:84] Creating Layer cccp2
I1015 15:18:22.744575 18242 net.cpp:406] cccp2 <- prelu_cccp1
I1015 15:18:22.744578 18242 net.cpp:380] cccp2 -> cccp2
I1015 15:18:22.745671 18242 net.cpp:122] Setting up cccp2
I1015 15:18:22.745682 18242 net.cpp:129] Top shape: 100 96 28 28 (7526400)
I1015 15:18:22.745685 18242 net.cpp:137] Memory required for data: 251822000
I1015 15:18:22.745689 18242 layer_factory.hpp:77] Creating layer prelu_cccp2
I1015 15:18:22.745697 18242 net.cpp:84] Creating Layer prelu_cccp2
I1015 15:18:22.745700 18242 net.cpp:406] prelu_cccp2 <- cccp2
I1015 15:18:22.745704 18242 net.cpp:380] prelu_cccp2 -> prelu_cccp2
I1015 15:18:22.745820 18242 net.cpp:122] Setting up prelu_cccp2
I1015 15:18:22.745828 18242 net.cpp:129] Top shape: 100 96 28 28 (7526400)
I1015 15:18:22.745831 18242 net.cpp:137] Memory required for data: 281927600
I1015 15:18:22.745836 18242 layer_factory.hpp:77] Creating layer pool1
I1015 15:18:22.745853 18242 net.cpp:84] Creating Layer pool1
I1015 15:18:22.745857 18242 net.cpp:406] pool1 <- prelu_cccp2
I1015 15:18:22.745867 18242 net.cpp:380] pool1 -> pool1
I1015 15:18:22.746016 18242 net.cpp:122] Setting up pool1
I1015 15:18:22.746024 18242 net.cpp:129] Top shape: 100 96 14 14 (1881600)
I1015 15:18:22.746027 18242 net.cpp:137] Memory required for data: 289454000
I1015 15:18:22.746032 18242 layer_factory.hpp:77] Creating layer dropout1
I1015 15:18:22.746037 18242 net.cpp:84] Creating Layer dropout1
I1015 15:18:22.746042 18242 net.cpp:406] dropout1 <- pool1
I1015 15:18:22.746045 18242 net.cpp:380] dropout1 -> dropout1
I1015 15:18:22.746073 18242 net.cpp:122] Setting up dropout1
I1015 15:18:22.746078 18242 net.cpp:129] Top shape: 100 96 14 14 (1881600)
I1015 15:18:22.746080 18242 net.cpp:137] Memory required for data: 296980400
I1015 15:18:22.746083 18242 layer_factory.hpp:77] Creating layer conv2
I1015 15:18:22.746089 18242 net.cpp:84] Creating Layer conv2
I1015 15:18:22.746093 18242 net.cpp:406] conv2 <- dropout1
I1015 15:18:22.746098 18242 net.cpp:380] conv2 -> conv2
I1015 15:18:22.749797 18242 net.cpp:122] Setting up conv2
I1015 15:18:22.749810 18242 net.cpp:129] Top shape: 100 192 14 14 (3763200)
I1015 15:18:22.749814 18242 net.cpp:137] Memory required for data: 312033200
I1015 15:18:22.749819 18242 layer_factory.hpp:77] Creating layer prelu_conv2
I1015 15:18:22.749825 18242 net.cpp:84] Creating Layer prelu_conv2
I1015 15:18:22.749830 18242 net.cpp:406] prelu_conv2 <- conv2
I1015 15:18:22.749833 18242 net.cpp:380] prelu_conv2 -> prelu_conv2
I1015 15:18:22.749951 18242 net.cpp:122] Setting up prelu_conv2
I1015 15:18:22.749958 18242 net.cpp:129] Top shape: 100 192 14 14 (3763200)
I1015 15:18:22.749960 18242 net.cpp:137] Memory required for data: 327086000
I1015 15:18:22.749963 18242 layer_factory.hpp:77] Creating layer cccp3
I1015 15:18:22.749970 18242 net.cpp:84] Creating Layer cccp3
I1015 15:18:22.749974 18242 net.cpp:406] cccp3 <- prelu_conv2
I1015 15:18:22.749977 18242 net.cpp:380] cccp3 -> cccp3
I1015 15:18:22.751066 18242 net.cpp:122] Setting up cccp3
I1015 15:18:22.751075 18242 net.cpp:129] Top shape: 100 192 14 14 (3763200)
I1015 15:18:22.751078 18242 net.cpp:137] Memory required for data: 342138800
I1015 15:18:22.751083 18242 layer_factory.hpp:77] Creating layer prelu_cccp3
I1015 15:18:22.751088 18242 net.cpp:84] Creating Layer prelu_cccp3
I1015 15:18:22.751091 18242 net.cpp:406] prelu_cccp3 <- cccp3
I1015 15:18:22.751094 18242 net.cpp:380] prelu_cccp3 -> prelu_cccp3
I1015 15:18:22.751184 18242 net.cpp:122] Setting up prelu_cccp3
I1015 15:18:22.751189 18242 net.cpp:129] Top shape: 100 192 14 14 (3763200)
I1015 15:18:22.751193 18242 net.cpp:137] Memory required for data: 357191600
I1015 15:18:22.751195 18242 layer_factory.hpp:77] Creating layer cccp4
I1015 15:18:22.751201 18242 net.cpp:84] Creating Layer cccp4
I1015 15:18:22.751204 18242 net.cpp:406] cccp4 <- prelu_cccp3
I1015 15:18:22.751209 18242 net.cpp:380] cccp4 -> cccp4
I1015 15:18:22.752619 18242 net.cpp:122] Setting up cccp4
I1015 15:18:22.752629 18242 net.cpp:129] Top shape: 100 192 14 14 (3763200)
I1015 15:18:22.752631 18242 net.cpp:137] Memory required for data: 372244400
I1015 15:18:22.752640 18242 layer_factory.hpp:77] Creating layer prelu_cccp4
I1015 15:18:22.752645 18242 net.cpp:84] Creating Layer prelu_cccp4
I1015 15:18:22.752647 18242 net.cpp:406] prelu_cccp4 <- cccp4
I1015 15:18:22.752652 18242 net.cpp:380] prelu_cccp4 -> prelu_cccp4
I1015 15:18:22.753248 18242 net.cpp:122] Setting up prelu_cccp4
I1015 15:18:22.753257 18242 net.cpp:129] Top shape: 100 192 14 14 (3763200)
I1015 15:18:22.753259 18242 net.cpp:137] Memory required for data: 387297200
I1015 15:18:22.753263 18242 layer_factory.hpp:77] Creating layer pool2
I1015 15:18:22.753270 18242 net.cpp:84] Creating Layer pool2
I1015 15:18:22.753273 18242 net.cpp:406] pool2 <- prelu_cccp4
I1015 15:18:22.753278 18242 net.cpp:380] pool2 -> pool2
I1015 15:18:22.753417 18242 net.cpp:122] Setting up pool2
I1015 15:18:22.753422 18242 net.cpp:129] Top shape: 100 192 7 7 (940800)
I1015 15:18:22.753437 18242 net.cpp:137] Memory required for data: 391060400
I1015 15:18:22.753440 18242 layer_factory.hpp:77] Creating layer dropout2
I1015 15:18:22.753445 18242 net.cpp:84] Creating Layer dropout2
I1015 15:18:22.753448 18242 net.cpp:406] dropout2 <- pool2
I1015 15:18:22.753453 18242 net.cpp:380] dropout2 -> dropout2
I1015 15:18:22.753480 18242 net.cpp:122] Setting up dropout2
I1015 15:18:22.753484 18242 net.cpp:129] Top shape: 100 192 7 7 (940800)
I1015 15:18:22.753486 18242 net.cpp:137] Memory required for data: 394823600
I1015 15:18:22.753489 18242 layer_factory.hpp:77] Creating layer conv3
I1015 15:18:22.753495 18242 net.cpp:84] Creating Layer conv3
I1015 15:18:22.753499 18242 net.cpp:406] conv3 <- dropout2
I1015 15:18:22.753502 18242 net.cpp:380] conv3 -> conv3
I1015 15:18:22.759583 18242 net.cpp:122] Setting up conv3
I1015 15:18:22.759594 18242 net.cpp:129] Top shape: 100 192 5 5 (480000)
I1015 15:18:22.759598 18242 net.cpp:137] Memory required for data: 396743600
I1015 15:18:22.759603 18242 layer_factory.hpp:77] Creating layer prelu_conv3
I1015 15:18:22.759608 18242 net.cpp:84] Creating Layer prelu_conv3
I1015 15:18:22.759611 18242 net.cpp:406] prelu_conv3 <- conv3
I1015 15:18:22.759616 18242 net.cpp:380] prelu_conv3 -> prelu_conv3
I1015 15:18:22.759685 18242 net.cpp:122] Setting up prelu_conv3
I1015 15:18:22.759690 18242 net.cpp:129] Top shape: 100 192 5 5 (480000)
I1015 15:18:22.759692 18242 net.cpp:137] Memory required for data: 398663600
I1015 15:18:22.759696 18242 layer_factory.hpp:77] Creating layer cccp5
I1015 15:18:22.759702 18242 net.cpp:84] Creating Layer cccp5
I1015 15:18:22.759704 18242 net.cpp:406] cccp5 <- prelu_conv3
I1015 15:18:22.759709 18242 net.cpp:380] cccp5 -> cccp5
I1015 15:18:22.760735 18242 net.cpp:122] Setting up cccp5
I1015 15:18:22.760743 18242 net.cpp:129] Top shape: 100 192 5 5 (480000)
I1015 15:18:22.760746 18242 net.cpp:137] Memory required for data: 400583600
I1015 15:18:22.760749 18242 layer_factory.hpp:77] Creating layer prelu_cccp5
I1015 15:18:22.760756 18242 net.cpp:84] Creating Layer prelu_cccp5
I1015 15:18:22.760759 18242 net.cpp:406] prelu_cccp5 <- cccp5
I1015 15:18:22.760763 18242 net.cpp:380] prelu_cccp5 -> prelu_cccp5
I1015 15:18:22.760833 18242 net.cpp:122] Setting up prelu_cccp5
I1015 15:18:22.760838 18242 net.cpp:129] Top shape: 100 192 5 5 (480000)
I1015 15:18:22.760839 18242 net.cpp:137] Memory required for data: 402503600
I1015 15:18:22.760843 18242 layer_factory.hpp:77] Creating layer cccp6
I1015 15:18:22.760849 18242 net.cpp:84] Creating Layer cccp6
I1015 15:18:22.760852 18242 net.cpp:406] cccp6 <- prelu_cccp5
I1015 15:18:22.760855 18242 net.cpp:380] cccp6 -> cccp6
I1015 15:18:22.761883 18242 net.cpp:122] Setting up cccp6
I1015 15:18:22.761893 18242 net.cpp:129] Top shape: 100 192 5 5 (480000)
I1015 15:18:22.761894 18242 net.cpp:137] Memory required for data: 404423600
I1015 15:18:22.761899 18242 layer_factory.hpp:77] Creating layer prelu_cccp6
I1015 15:18:22.761904 18242 net.cpp:84] Creating Layer prelu_cccp6
I1015 15:18:22.761906 18242 net.cpp:406] prelu_cccp6 <- cccp6
I1015 15:18:22.761911 18242 net.cpp:380] prelu_cccp6 -> prelu_cccp6
I1015 15:18:22.762006 18242 net.cpp:122] Setting up prelu_cccp6
I1015 15:18:22.762012 18242 net.cpp:129] Top shape: 100 192 5 5 (480000)
I1015 15:18:22.762013 18242 net.cpp:137] Memory required for data: 406343600
I1015 15:18:22.762017 18242 layer_factory.hpp:77] Creating layer pool3
I1015 15:18:22.762022 18242 net.cpp:84] Creating Layer pool3
I1015 15:18:22.762023 18242 net.cpp:406] pool3 <- prelu_cccp6
I1015 15:18:22.762027 18242 net.cpp:380] pool3 -> pool3
I1015 15:18:22.762156 18242 net.cpp:122] Setting up pool3
I1015 15:18:22.762161 18242 net.cpp:129] Top shape: 100 192 2 2 (76800)
I1015 15:18:22.762163 18242 net.cpp:137] Memory required for data: 406650800
I1015 15:18:22.762166 18242 layer_factory.hpp:77] Creating layer dropout3
I1015 15:18:22.762171 18242 net.cpp:84] Creating Layer dropout3
I1015 15:18:22.762172 18242 net.cpp:406] dropout3 <- pool3
I1015 15:18:22.762176 18242 net.cpp:380] dropout3 -> dropout3
I1015 15:18:22.762212 18242 net.cpp:122] Setting up dropout3
I1015 15:18:22.762217 18242 net.cpp:129] Top shape: 100 192 2 2 (76800)
I1015 15:18:22.762218 18242 net.cpp:137] Memory required for data: 406958000
I1015 15:18:22.762220 18242 layer_factory.hpp:77] Creating layer conv4
I1015 15:18:22.762226 18242 net.cpp:84] Creating Layer conv4
I1015 15:18:22.762229 18242 net.cpp:406] conv4 <- dropout3
I1015 15:18:22.762233 18242 net.cpp:380] conv4 -> conv4
I1015 15:18:22.767330 18242 net.cpp:122] Setting up conv4
I1015 15:18:22.767343 18242 net.cpp:129] Top shape: 100 384 2 2 (153600)
I1015 15:18:22.767345 18242 net.cpp:137] Memory required for data: 407572400
I1015 15:18:22.767350 18242 layer_factory.hpp:77] Creating layer prelu_conv4
I1015 15:18:22.767359 18242 net.cpp:84] Creating Layer prelu_conv4
I1015 15:18:22.767361 18242 net.cpp:406] prelu_conv4 <- conv4
I1015 15:18:22.767366 18242 net.cpp:380] prelu_conv4 -> prelu_conv4
I1015 15:18:22.767458 18242 net.cpp:122] Setting up prelu_conv4
I1015 15:18:22.767464 18242 net.cpp:129] Top shape: 100 384 2 2 (153600)
I1015 15:18:22.767467 18242 net.cpp:137] Memory required for data: 408186800
I1015 15:18:22.767469 18242 layer_factory.hpp:77] Creating layer cccp7
I1015 15:18:22.767477 18242 net.cpp:84] Creating Layer cccp7
I1015 15:18:22.767480 18242 net.cpp:406] cccp7 <- prelu_conv4
I1015 15:18:22.767484 18242 net.cpp:380] cccp7 -> cccp7
I1015 15:18:22.770046 18242 net.cpp:122] Setting up cccp7
I1015 15:18:22.770059 18242 net.cpp:129] Top shape: 100 384 2 2 (153600)
I1015 15:18:22.770062 18242 net.cpp:137] Memory required for data: 408801200
I1015 15:18:22.770067 18242 layer_factory.hpp:77] Creating layer prelu_cccp7
I1015 15:18:22.770073 18242 net.cpp:84] Creating Layer prelu_cccp7
I1015 15:18:22.770076 18242 net.cpp:406] prelu_cccp7 <- cccp7
I1015 15:18:22.770090 18242 net.cpp:380] prelu_cccp7 -> prelu_cccp7
I1015 15:18:22.770165 18242 net.cpp:122] Setting up prelu_cccp7
I1015 15:18:22.770170 18242 net.cpp:129] Top shape: 100 384 2 2 (153600)
I1015 15:18:22.770172 18242 net.cpp:137] Memory required for data: 409415600
I1015 15:18:22.770181 18242 layer_factory.hpp:77] Creating layer cccp8
I1015 15:18:22.770189 18242 net.cpp:84] Creating Layer cccp8
I1015 15:18:22.770201 18242 net.cpp:406] cccp8 <- prelu_cccp7
I1015 15:18:22.770205 18242 net.cpp:380] cccp8 -> cccp8
I1015 15:18:22.771796 18242 net.cpp:122] Setting up cccp8
I1015 15:18:22.771806 18242 net.cpp:129] Top shape: 100 384 2 2 (153600)
I1015 15:18:22.771819 18242 net.cpp:137] Memory required for data: 410030000
I1015 15:18:22.771823 18242 layer_factory.hpp:77] Creating layer prelu_cccp8
I1015 15:18:22.771829 18242 net.cpp:84] Creating Layer prelu_cccp8
I1015 15:18:22.771842 18242 net.cpp:406] prelu_cccp8 <- cccp8
I1015 15:18:22.771847 18242 net.cpp:380] prelu_cccp8 -> prelu_cccp8
I1015 15:18:22.771929 18242 net.cpp:122] Setting up prelu_cccp8
I1015 15:18:22.771934 18242 net.cpp:129] Top shape: 100 384 2 2 (153600)
I1015 15:18:22.771946 18242 net.cpp:137] Memory required for data: 410644400
I1015 15:18:22.771950 18242 layer_factory.hpp:77] Creating layer pool4
I1015 15:18:22.771958 18242 net.cpp:84] Creating Layer pool4
I1015 15:18:22.771970 18242 net.cpp:406] pool4 <- prelu_cccp8
I1015 15:18:22.771976 18242 net.cpp:380] pool4 -> pool4
I1015 15:18:22.772126 18242 net.cpp:122] Setting up pool4
I1015 15:18:22.772132 18242 net.cpp:129] Top shape: 100 384 1 1 (38400)
I1015 15:18:22.772145 18242 net.cpp:137] Memory required for data: 410798000
I1015 15:18:22.772147 18242 layer_factory.hpp:77] Creating layer dropout4
I1015 15:18:22.772153 18242 net.cpp:84] Creating Layer dropout4
I1015 15:18:22.772156 18242 net.cpp:406] dropout4 <- pool4
I1015 15:18:22.772169 18242 net.cpp:380] dropout4 -> dropout4
I1015 15:18:22.772217 18242 net.cpp:122] Setting up dropout4
I1015 15:18:22.772220 18242 net.cpp:129] Top shape: 100 384 1 1 (38400)
I1015 15:18:22.772222 18242 net.cpp:137] Memory required for data: 410951600
I1015 15:18:22.772235 18242 layer_factory.hpp:77] Creating layer fc1
I1015 15:18:22.772240 18242 net.cpp:84] Creating Layer fc1
I1015 15:18:22.772263 18242 net.cpp:406] fc1 <- dropout4
I1015 15:18:22.772269 18242 net.cpp:380] fc1 -> fc1
I1015 15:18:22.773208 18242 net.cpp:122] Setting up fc1
I1015 15:18:22.773214 18242 net.cpp:129] Top shape: 100 100 (10000)
I1015 15:18:22.773216 18242 net.cpp:137] Memory required for data: 410991600
I1015 15:18:22.773231 18242 layer_factory.hpp:77] Creating layer fc1_fc1_0_split
I1015 15:18:22.773236 18242 net.cpp:84] Creating Layer fc1_fc1_0_split
I1015 15:18:22.773237 18242 net.cpp:406] fc1_fc1_0_split <- fc1
I1015 15:18:22.773241 18242 net.cpp:380] fc1_fc1_0_split -> fc1_fc1_0_split_0
I1015 15:18:22.773246 18242 net.cpp:380] fc1_fc1_0_split -> fc1_fc1_0_split_1
I1015 15:18:22.773283 18242 net.cpp:122] Setting up fc1_fc1_0_split
I1015 15:18:22.773288 18242 net.cpp:129] Top shape: 100 100 (10000)
I1015 15:18:22.773300 18242 net.cpp:129] Top shape: 100 100 (10000)
I1015 15:18:22.773303 18242 net.cpp:137] Memory required for data: 411071600
I1015 15:18:22.773304 18242 layer_factory.hpp:77] Creating layer accuracy
I1015 15:18:22.773308 18242 net.cpp:84] Creating Layer accuracy
I1015 15:18:22.773311 18242 net.cpp:406] accuracy <- fc1_fc1_0_split_0
I1015 15:18:22.773314 18242 net.cpp:406] accuracy <- label_cifar_1_split_0
I1015 15:18:22.773319 18242 net.cpp:380] accuracy -> accuracy
I1015 15:18:22.773324 18242 net.cpp:122] Setting up accuracy
I1015 15:18:22.773326 18242 net.cpp:129] Top shape: (1)
I1015 15:18:22.773339 18242 net.cpp:137] Memory required for data: 411071604
I1015 15:18:22.773340 18242 layer_factory.hpp:77] Creating layer loss
I1015 15:18:22.773344 18242 net.cpp:84] Creating Layer loss
I1015 15:18:22.773346 18242 net.cpp:406] loss <- fc1_fc1_0_split_1
I1015 15:18:22.773350 18242 net.cpp:406] loss <- label_cifar_1_split_1
I1015 15:18:22.773352 18242 net.cpp:380] loss -> loss
I1015 15:18:22.773357 18242 layer_factory.hpp:77] Creating layer loss
I1015 15:18:22.773555 18242 net.cpp:122] Setting up loss
I1015 15:18:22.773561 18242 net.cpp:129] Top shape: (1)
I1015 15:18:22.773562 18242 net.cpp:132]     with loss weight 1
I1015 15:18:22.773569 18242 net.cpp:137] Memory required for data: 411071608
I1015 15:18:22.773572 18242 net.cpp:198] loss needs backward computation.
I1015 15:18:22.773574 18242 net.cpp:200] accuracy does not need backward computation.
I1015 15:18:22.773577 18242 net.cpp:198] fc1_fc1_0_split needs backward computation.
I1015 15:18:22.773579 18242 net.cpp:198] fc1 needs backward computation.
I1015 15:18:22.773581 18242 net.cpp:198] dropout4 needs backward computation.
I1015 15:18:22.773583 18242 net.cpp:198] pool4 needs backward computation.
I1015 15:18:22.773586 18242 net.cpp:198] prelu_cccp8 needs backward computation.
I1015 15:18:22.773587 18242 net.cpp:198] cccp8 needs backward computation.
I1015 15:18:22.773589 18242 net.cpp:198] prelu_cccp7 needs backward computation.
I1015 15:18:22.773592 18242 net.cpp:198] cccp7 needs backward computation.
I1015 15:18:22.773594 18242 net.cpp:198] prelu_conv4 needs backward computation.
I1015 15:18:22.773597 18242 net.cpp:198] conv4 needs backward computation.
I1015 15:18:22.773598 18242 net.cpp:198] dropout3 needs backward computation.
I1015 15:18:22.773600 18242 net.cpp:198] pool3 needs backward computation.
I1015 15:18:22.773603 18242 net.cpp:198] prelu_cccp6 needs backward computation.
I1015 15:18:22.773605 18242 net.cpp:198] cccp6 needs backward computation.
I1015 15:18:22.773607 18242 net.cpp:198] prelu_cccp5 needs backward computation.
I1015 15:18:22.773609 18242 net.cpp:198] cccp5 needs backward computation.
I1015 15:18:22.773612 18242 net.cpp:198] prelu_conv3 needs backward computation.
I1015 15:18:22.773614 18242 net.cpp:198] conv3 needs backward computation.
I1015 15:18:22.773617 18242 net.cpp:198] dropout2 needs backward computation.
I1015 15:18:22.773618 18242 net.cpp:198] pool2 needs backward computation.
I1015 15:18:22.773622 18242 net.cpp:198] prelu_cccp4 needs backward computation.
I1015 15:18:22.773624 18242 net.cpp:198] cccp4 needs backward computation.
I1015 15:18:22.773627 18242 net.cpp:198] prelu_cccp3 needs backward computation.
I1015 15:18:22.773634 18242 net.cpp:198] cccp3 needs backward computation.
I1015 15:18:22.773638 18242 net.cpp:198] prelu_conv2 needs backward computation.
I1015 15:18:22.773639 18242 net.cpp:198] conv2 needs backward computation.
I1015 15:18:22.773643 18242 net.cpp:198] dropout1 needs backward computation.
I1015 15:18:22.773644 18242 net.cpp:198] pool1 needs backward computation.
I1015 15:18:22.773646 18242 net.cpp:198] prelu_cccp2 needs backward computation.
I1015 15:18:22.773648 18242 net.cpp:198] cccp2 needs backward computation.
I1015 15:18:22.773651 18242 net.cpp:198] prelu_cccp1 needs backward computation.
I1015 15:18:22.773653 18242 net.cpp:198] cccp1 needs backward computation.
I1015 15:18:22.773655 18242 net.cpp:198] prelu_conv1 needs backward computation.
I1015 15:18:22.773658 18242 net.cpp:198] conv1 needs backward computation.
I1015 15:18:22.773660 18242 net.cpp:200] label_cifar_1_split does not need backward computation.
I1015 15:18:22.773663 18242 net.cpp:200] cifar does not need backward computation.
I1015 15:18:22.773665 18242 net.cpp:242] This network produces output accuracy
I1015 15:18:22.773668 18242 net.cpp:242] This network produces output loss
I1015 15:18:22.773686 18242 net.cpp:255] Network initialization done.
I1015 15:18:22.773785 18242 solver.cpp:56] Solver scaffolding done.
I1015 15:18:22.774720 18242 caffe.cpp:248] Starting Optimization
I1015 15:18:22.774724 18242 solver.cpp:272] Solving CIFAR10_full
I1015 15:18:22.774727 18242 solver.cpp:273] Learning Rate Policy: multistep
I1015 15:18:22.776803 18242 solver.cpp:330] Iteration 0, Testing net (#0)
I1015 15:18:23.904220 18251 data_layer.cpp:73] Restarting data prefetching from start.
I1015 15:18:23.948956 18242 solver.cpp:397]     Test net output #0: accuracy = 0.0122
I1015 15:18:23.948977 18242 solver.cpp:397]     Test net output #1: loss = 6.71504 (* 1 = 6.71504 loss)
I1015 15:18:23.998070 18242 solver.cpp:218] Iteration 0 (0.186092 iter/s, 1.22331s/500 iters), loss = 11.9251
I1015 15:18:23.998090 18242 solver.cpp:237]     Train net output #0: accuracy = 0.02
I1015 15:18:23.998095 18242 solver.cpp:237]     Train net output #1: loss = 11.9251 (* 1 = 11.9251 loss)
I1015 15:18:23.998108 18242 sgd_solver.cpp:105] Iteration 0, lr = 0.01
